<?xml version="1.0" encoding="UTF-8"?>
<!-- Generated by org.testng.reporters.JUnitReportReporter -->
<testsuite hostname="IN-3SJWDK3" failures="0" tests="1" name="com.nagarro.nagp.appium.baseClass.BaseClass2" time="11.760" errors="0" timestamp="2024-05-23T12:04:44 IST" skipped="0">
  <testcase classname="com.nagarro.nagp.appium.baseClass.BaseClass2" name="initiliazeApp" time="11.760"/>
  <system-out/>
</testsuite> <!-- com.nagarro.nagp.appium.baseClass.BaseClass2 -->
