<?xml version="1.0" encoding="UTF-8"?>
<!-- Generated by org.testng.reporters.JUnitReportReporter -->
<testsuite hostname="IN-3SJWDK3" failures="0" tests="1" name="com.nagarro.nagp.appium.tests.HomePageTest" time="11.317" errors="0" timestamp="2024-05-23T18:32:56 IST" skipped="0">
  <testcase classname="com.nagarro.nagp.appium.tests.HomePageTest" name="verifyHomePage" time="11.317"/>
  <system-out/>
</testsuite> <!-- com.nagarro.nagp.appium.tests.HomePageTest -->
