<?xml version="1.0" encoding="UTF-8"?>
<!-- Generated by org.testng.reporters.JUnitReportReporter -->
<testsuite hostname="IN-3SJWDK3" failures="0" tests="1" name="cucumberOptions.CucumberTestNGRunner" time="17.141" errors="0" timestamp="2024-06-07T18:57:14 IST" skipped="0">
  <testcase classname="cucumberOptions.CucumberTestNGRunner" name="runScenario" time="17.141"/>
</testsuite> <!-- cucumberOptions.CucumberTestNGRunner -->
